<component name="libraryTable">
  <library name="junit5">
    <CLASSES>
      <root url="jar://$PROJECT_DIR$/lib/junit5/junit-platform-console-standalone-1.5.1.jar!/" />
      <root url="jar://$PROJECT_DIR$/lib/junit5/junit-platform-commons-1.5.1.jar!/" />
      <root url="jar://$PROJECT_DIR$/lib/junit5/hamcrest-2.1.jar!/" />
      <root url="jar://$PROJECT_DIR$/lib/junit5/junit-platform-engine-1.5.1.jar!/" />
      <root url="jar://$PROJECT_DIR$/lib/junit5/junit-platform-launcher-1.5.1.jar!/" />
      <root url="jar://$PROJECT_DIR$/lib/junit5/junit-vintage-engine-5.5.1.jar!/" />
    </CLASSES>
    <JAVADOC />
    <SOURCES />
  </library>
</component>